<?xml version="1.0" encoding="UTF-8"?>
<testsuite xmlns:xsi="http://www.w3.org/2001/XMLSchema-instance" xsi:noNamespaceSchemaLocation="https://maven.apache.org/surefire/maven-surefire-plugin/xsd/surefire-test-report-3.0.xsd" version="3.0" name="com.stockapp.backend.StockControllerTest" time="4.194" tests="2" errors="0" skipped="0" failures="0">
  <properties>
[...]
</properties>
  <testcase name="healthCheckShouldReturn200" classname="com.stockapp.backend.StockControllerTest" time="0.131">
    <system-out><![CDATA[07:30:48.176 [main] INFO org.springframework.test.context.support.AnnotationConfigContextLoaderUtils -- Could not detect default configuration classes for test class [com.stockapp.backend.StockControllerTest]: StockControllerTest does not declare any static, non-private, non-final, nested classes annotated with @Configuration.
07:30:48.259 [main] INFO org.springframework.boot.test.context.SpringBootTestContextBootstrapper -- Found @SpringBootConfiguration com.stockapp.backend.StockAppApplication for test class com.stockapp.backend.StockControllerTest
07:30:48.375 [main] INFO org.springframework.boot.devtools.restart.RestartApplicationListener -- Restart disabled due to context in which it is running

  .   ____          _            __ _ _
 /\\ / ___'_ __ _ _(_)_ __  __ _ \ \ \ \
( ( )\___ | '_ | '_| | '_ \/ _` | \ \ \ \
 \\/  ___)| |_)| | | | | || (_| |  ) ) ) )
  '  |____| .__|_| |_|_| |_\__, | / / / /
 =========|_|==============|___/=/_/_/_/
&amp#27;[32m :: Spring Boot :: &amp#27;[39m              &amp#27;[2m (v3.2.1)&amp#27;[0;39m

&amp#27;[2m2024-12-30 07:30:48.616&amp#27;[0;39m &amp#27;[32m- INFO&amp#27;[0;39m &amp#27;[35m303448&amp#27;[0;39m &amp#27;[2m---&amp#27;[0;39m &amp#27;[2m[           main]&amp#27;[0;39m &amp#27;[36mc.stockapp.backend.StockControllerTest  &amp#27;[0;39m &amp#27;[2m:&amp#27;[0;39m Starting StockControllerTest using Java 17.0.13 with PID 303448 (started by ubuntu in /home/ubuntu/repos/stockapp/backend)
&amp#27;[2m2024-12-30 07:30:48.617&amp#27;[0;39m &amp#27;[32m-DEBUG&amp#27;[0;39m &amp#27;[35m303448&amp#27;[0;39m &amp#27;[2m---&amp#27;[0;39m &amp#27;[2m[           main]&amp#27;[0;39m &amp#27;[36mc.stockapp.backend.StockControllerTest  &amp#27;[0;39m &amp#27;[2m:&amp#27;[0;39m Running with Spring Boot v3.2.1, Spring v6.1.2
&amp#27;[2m2024-12-30 07:30:48.619&amp#27;[0;39m &amp#27;[32m- INFO&amp#27;[0;39m &amp#27;[35m303448&amp#27;[0;39m &amp#27;[2m---&amp#27;[0;39m &amp#27;[2m[           main]&amp#27;[0;39m &amp#27;[36mc.stockapp.backend.StockControllerTest  &amp#27;[0;39m &amp#27;[2m:&amp#27;[0;39m No active profile set, falling back to 1 default profile: "default"
&amp#27;[2m2024-12-30 07:30:48.633&amp#27;[0;39m &amp#27;[32m-DEBUG&amp#27;[0;39m &amp#27;[35m303448&amp#27;[0;39m &amp#27;[2m---&amp#27;[0;39m &amp#27;[2m[           main]&amp#27;[0;39m &amp#27;[36mo.s.w.c.s.GenericWebApplicationContext  &amp#27;[0;39m &amp#27;[2m:&amp#27;[0;39m Refreshing org.springframework.web.context.support.GenericWebApplicationContext@133e019b
&amp#27;[2m2024-12-30 07:30:51.141&amp#27;[0;39m &amp#27;[32m- INFO&amp#27;[0;39m &amp#27;[35m303448&amp#27;[0;39m &amp#27;[2m---&amp#27;[0;39m &amp#27;[2m[           main]&amp#27;[0;39m &amp#27;[36mo.s.b.a.w.s.WelcomePageHandlerMapping   &amp#27;[0;39m &amp#27;[2m:&amp#27;[0;39m Adding welcome page: class path resource [static/index.html]
&amp#27;[2m2024-12-30 07:30:51.208&amp#27;[0;39m &amp#27;[32m-DEBUG&amp#27;[0;39m &amp#27;[35m303448&amp#27;[0;39m &amp#27;[2m---&amp#27;[0;39m &amp#27;[2m[           main]&amp#27;[0;39m &amp#27;[36ms.w.s.m.m.a.RequestMappingHandlerMapping&amp#27;[0;39m &amp#27;[2m:&amp#27;[0;39m 4 mappings in 'requestMappingHandlerMapping'
&amp#27;[2m2024-12-30 07:30:51.270&amp#27;[0;39m &amp#27;[32m-DEBUG&amp#27;[0;39m &amp#27;[35m303448&amp#27;[0;39m &amp#27;[2m---&amp#27;[0;39m &amp#27;[2m[           main]&amp#27;[0;39m &amp#27;[36mo.s.w.s.handler.SimpleUrlHandlerMapping &amp#27;[0;39m &amp#27;[2m:&amp#27;[0;39m Patterns [/webjars/**, /**] in 'resourceHandlerMapping'
&amp#27;[2m2024-12-30 07:30:51.302&amp#27;[0;39m &amp#27;[32m-DEBUG&amp#27;[0;39m &amp#27;[35m303448&amp#27;[0;39m &amp#27;[2m---&amp#27;[0;39m &amp#27;[2m[           main]&amp#27;[0;39m &amp#27;[36ms.w.s.m.m.a.RequestMappingHandlerAdapter&amp#27;[0;39m &amp#27;[2m:&amp#27;[0;39m ControllerAdvice beans: 0 @ModelAttribute, 0 @InitBinder, 1 RequestBodyAdvice, 1 ResponseBodyAdvice
&amp#27;[2m2024-12-30 07:30:51.337&amp#27;[0;39m &amp#27;[32m-DEBUG&amp#27;[0;39m &amp#27;[35m303448&amp#27;[0;39m &amp#27;[2m---&amp#27;[0;39m &amp#27;[2m[           main]&amp#27;[0;39m &amp#27;[36m.m.m.a.ExceptionHandlerExceptionResolver&amp#27;[0;39m &amp#27;[2m:&amp#27;[0;39m ControllerAdvice beans: 0 @ExceptionHandler, 1 ResponseBodyAdvice
&amp#27;[2m2024-12-30 07:30:51.865&amp#27;[0;39m &amp#27;[32m-DEBUG&amp#27;[0;39m &amp#27;[35m303448&amp#27;[0;39m &amp#27;[2m---&amp#27;[0;39m &amp#27;[2m[           main]&amp#27;[0;39m &amp#27;[36mo.s.w.f.ServerHttpObservationFilter     &amp#27;[0;39m &amp#27;[2m:&amp#27;[0;39m Filter 'webMvcObservationFilter' configured for use
&amp#27;[2m2024-12-30 07:30:51.866&amp#27;[0;39m &amp#27;[32m- INFO&amp#27;[0;39m &amp#27;[35m303448&amp#27;[0;39m &amp#27;[2m---&amp#27;[0;39m &amp#27;[2m[           main]&amp#27;[0;39m &amp#27;[36mo.s.b.t.m.w.SpringBootMockServletContext&amp#27;[0;39m &amp#27;[2m:&amp#27;[0;39m Initializing Spring TestDispatcherServlet ''
&amp#27;[2m2024-12-30 07:30:51.867&amp#27;[0;39m &amp#27;[32m- INFO&amp#27;[0;39m &amp#27;[35m303448&amp#27;[0;39m &amp#27;[2m---&amp#27;[0;39m &amp#27;[2m[           main]&amp#27;[0;39m &amp#27;[36mo.s.t.web.servlet.TestDispatcherServlet &amp#27;[0;39m &amp#27;[2m:&amp#27;[0;39m Initializing Servlet ''
&amp#27;[2m2024-12-30 07:30:51.878&amp#27;[0;39m &amp#27;[32m- INFO&amp#27;[0;39m &amp#27;[35m303448&amp#27;[0;39m &amp#27;[2m---&amp#27;[0;39m &amp#27;[2m[           main]&amp#27;[0;39m &amp#27;[36mo.s.b.a.e.web.EndpointLinksResolver     &amp#27;[0;39m &amp#27;[2m:&amp#27;[0;39m Exposing 14 endpoint(s) beneath base path '/actuator'
&amp#27;[2m2024-12-30 07:30:51.904&amp#27;[0;39m &amp#27;[32m- INFO&amp#27;[0;39m &amp#27;[35m303448&amp#27;[0;39m &amp#27;[2m---&amp#27;[0;39m &amp#27;[2m[           main]&amp#27;[0;39m &amp#27;[36mo.s.t.web.servlet.TestDispatcherServlet &amp#27;[0;39m &amp#27;[2m:&amp#27;[0;39m Completed initialization in 37 ms
&amp#27;[2m2024-12-30 07:30:52.012&amp#27;[0;39m &amp#27;[32m- INFO&amp#27;[0;39m &amp#27;[35m303448&amp#27;[0;39m &amp#27;[2m---&amp#27;[0;39m &amp#27;[2m[           main]&amp#27;[0;39m &amp#27;[36mc.stockapp.backend.StockControllerTest  &amp#27;[0;39m &amp#27;[2m:&amp#27;[0;39m Started StockControllerTest in 3.646 seconds (process running for 4.411)
&amp#27;[2m2024-12-30 07:30:52.117&amp#27;[0;39m &amp#27;[32m-DEBUG&amp#27;[0;39m &amp#27;[35m303448&amp#27;[0;39m &amp#27;[2m---&amp#27;[0;39m &amp#27;[2m[           main]&amp#27;[0;39m &amp#27;[36mm.m.a.RequestResponseBodyMethodProcessor&amp#27;[0;39m &amp#27;[2m:&amp#27;[0;39m Read "application/octet-stream" to []
&amp#27;[2m2024-12-30 07:30:52.130&amp#27;[0;39m &amp#27;[32m-DEBUG&amp#27;[0;39m &amp#27;[35m303448&amp#27;[0;39m &amp#27;[2m---&amp#27;[0;39m &amp#27;[2m[           main]&amp#27;[0;39m &amp#27;[36mo.s.w.s.m.m.a.HttpEntityMethodProcessor &amp#27;[0;39m &amp#27;[2m:&amp#27;[0;39m Using 'application/vnd.spring-boot.actuator.v3+json', given [*/*] and supported [application/vnd.spring-boot.actuator.v3+json, application/vnd.spring-boot.actuator.v2+json, application/json]
&amp#27;[2m2024-12-30 07:30:52.159&amp#27;[0;39m &amp#27;[32m-DEBUG&amp#27;[0;39m &amp#27;[35m303448&amp#27;[0;39m &amp#27;[2m---&amp#27;[0;39m &amp#27;[2m[           main]&amp#27;[0;39m &amp#27;[36mo.s.w.s.m.m.a.HttpEntityMethodProcessor &amp#27;[0;39m &amp#27;[2m:&amp#27;[0;39m Writing [org.springframework.boot.actuate.health.SystemHealth@2178d296]
]]></system-out>
  </testcase>
  <testcase name="getStockDataEndpointExists" classname="com.stockapp.backend.StockControllerTest" time="0.028">
    <system-out><![CDATA[&amp#27;[2m2024-12-30 07:30:52.213&amp#27;[0;39m &amp#27;[32m-DEBUG&amp#27;[0;39m &amp#27;[35m303448&amp#27;[0;39m &amp#27;[2m---&amp#27;[0;39m &amp#27;[2m[           main]&amp#27;[0;39m &amp#27;[36ms.w.s.m.m.a.RequestMappingHandlerMapping&amp#27;[0;39m &amp#27;[2m:&amp#27;[0;39m Mapped to com.stockapp.backend.controller.StockController#getEodData(String)
&amp#27;[2m2024-12-30 07:30:52.220&amp#27;[0;39m &amp#27;[32m-DEBUG&amp#27;[0;39m &amp#27;[35m303448&amp#27;[0;39m &amp#27;[2m---&amp#27;[0;39m &amp#27;[2m[           main]&amp#27;[0;39m &amp#27;[36mm.m.a.RequestResponseBodyMethodProcessor&amp#27;[0;39m &amp#27;[2m:&amp#27;[0;39m Using 'application/json', given [*/*] and supported [application/json, application/*+json]
&amp#27;[2m2024-12-30 07:30:52.221&amp#27;[0;39m &amp#27;[32m-DEBUG&amp#27;[0;39m &amp#27;[35m303448&amp#27;[0;39m &amp#27;[2m---&amp#27;[0;39m &amp#27;[2m[           main]&amp#27;[0;39m &amp#27;[36mm.m.a.RequestResponseBodyMethodProcessor&amp#27;[0;39m &amp#27;[2m:&amp#27;[0;39m Writing [StockData(pagination=null, data=null)]
]]></system-out>
  </testcase>
</testsuite>